{"level":"info","message":{"deviceType":"desktop","duration":"2ms","ipAddress":"45.249.79.42","method":"POST","status":404,"url":"/investor/login"},"timestamp":"2026-05-18T09:14:00.554Z"}
{"level":"info","message":{"deviceType":"desktop","duration":"9ms","ipAddress":"45.249.79.42","method":"POST","status":200,"url":"/login"},"timestamp":"2026-05-18T09:14:48.340Z"}
{"level":"info","message":{"deviceType":"desktop","duration":"6ms","ipAddress":"::1","method":"POST","status":200,"url":"/login"},"timestamp":"2026-05-18T09:26:18.769Z"}
{"level":"info","message":{"deviceType":"desktop","duration":"7ms","ipAddress":"::1","method":"POST","status":200,"url":"/login"},"span_id":"41d1991904205133","timestamp":"2026-05-18T09:41:13.796Z","trace_flags":"01","trace_id":"701ab66b844a21e061e8292b24ca0782"}
{"level":"info","message":{"deviceType":"desktop","duration":"2ms","ipAddress":"::1","method":"POST","status":200,"url":"/login"},"span_id":"3931965f31f2bed7","timestamp":"2026-05-18T09:42:35.879Z","trace_flags":"01","trace_id":"cc08a18961c8533862dac39eeb4ed1d0"}
{"level":"info","message":{"deviceType":"desktop","duration":"2ms","ipAddress":"::1","method":"GET","status":404,"url":"/login"},"span_id":"c27ffc58e082a6ff","timestamp":"2026-05-18T09:42:47.366Z","trace_flags":"01","trace_id":"36968a28829ae0a95bf1a3dfbf43dacc"}
{"level":"info","message":{"deviceType":"desktop","duration":"2ms","ipAddress":"::1","method":"GET","status":404,"url":"/login"},"span_id":"763b8278f9fcb2a8","timestamp":"2026-05-18T09:50:32.143Z","trace_flags":"01","trace_id":"a826804f82e0e3a66166ce97ea48fe13"}
{"level":"info","message":{"deviceType":"desktop","duration":"5ms","ipAddress":"::1","method":"POST","status":200,"url":"/login"},"span_id":"ff4a66fd0f211e86","timestamp":"2026-05-18T09:50:38.452Z","trace_flags":"01","trace_id":"d601924c590d5700b79cfa712c8a4f84"}
{"level":"info","message":{"deviceType":"desktop","duration":"2ms","ipAddress":"::1","method":"POST","status":401,"url":"/profile"},"span_id":"80caa7aa29c95403","timestamp":"2026-05-18T09:50:47.670Z","trace_flags":"01","trace_id":"0220e5568b0ab9418edb380f4a30389f"}
{"level":"info","message":{"deviceType":"desktop","duration":"3ms","ipAddress":"::1","method":"POST","status":401,"url":"/profile"},"span_id":"f772c0af7aa3317d","timestamp":"2026-05-18T09:51:46.609Z","trace_flags":"01","trace_id":"26c13d567ab78c4ddcc6050185bffe47"}
{"level":"info","message":{"deviceType":"desktop","duration":"6ms","ipAddress":"::1","method":"POST","status":200,"url":"/login"},"span_id":"754832cce388e4bb","timestamp":"2026-05-18T09:53:22.311Z","trace_flags":"01","trace_id":"da44d4994ba60ae46f7a5ffd54b7f8e0"}
{"level":"info","message":{"deviceType":"desktop","duration":"2ms","ipAddress":"::1","method":"POST","status":200,"url":"/profile"},"span_id":"83ca35e16a1185c8","timestamp":"2026-05-18T09:53:30.998Z","trace_flags":"01","trace_id":"f3a48834867a683fc164036973348268"}
{"level":"info","message":{"deviceType":"desktop","duration":"4ms","ipAddress":"::1","method":"POST","status":401,"url":"/profile"},"span_id":"4ef64005a36dc7f4","timestamp":"2026-05-18T09:54:52.975Z","trace_flags":"01","trace_id":"1bbf87ec7cf21188ae11eb9205307daf"}
{"level":"info","message":{"deviceType":"desktop","duration":"2ms","ipAddress":"::1","method":"POST","status":200,"url":"/login"},"span_id":"313dc0eaec892928","timestamp":"2026-05-18T09:57:21.791Z","trace_flags":"01","trace_id":"41869138d0c678fb74263bca4d628dd3"}
{"level":"info","message":{"deviceType":"desktop","duration":"2ms","ipAddress":"::1","method":"POST","status":200,"url":"/login"},"span_id":"d433daa66e2e3979","timestamp":"2026-05-18T09:57:27.587Z","trace_flags":"01","trace_id":"eb0c0a9599a7044b8eef4ff8d9f6179d"}
{"level":"info","message":{"deviceType":"desktop","duration":"2ms","ipAddress":"::1","method":"POST","status":401,"url":"/profile"},"span_id":"0b335c549eba3c77","timestamp":"2026-05-18T09:57:32.864Z","trace_flags":"01","trace_id":"963226072e0dd64d7b5d8586d51df700"}
{"level":"info","message":{"deviceType":"desktop","duration":"2ms","ipAddress":"::1","method":"POST","status":200,"url":"/login"},"span_id":"a6c8b9cc282ce79b","timestamp":"2026-05-18T09:57:36.932Z","trace_flags":"01","trace_id":"866f32112d443d065a532be2399e589d"}
{"level":"info","message":{"deviceType":"desktop","duration":"2ms","ipAddress":"::1","method":"POST","status":200,"url":"/profile"},"span_id":"dd828d91e9c949fd","timestamp":"2026-05-18T09:57:45.535Z","trace_flags":"01","trace_id":"3a60981c9d55b69dbcaecc37021a9247"}
{"level":"info","message":{"deviceType":"desktop","duration":"18ms","ipAddress":"::1","method":"POST","status":200,"url":"/login"},"span_id":"15d4447fcdb7ffce","timestamp":"2026-05-18T10:16:55.791Z","trace_flags":"01","trace_id":"add570ebe84f0310c8a7691a0d4d805b"}
{"level":"info","message":{"deviceType":"desktop","duration":"2ms","ipAddress":"::1","method":"POST","status":200,"url":"/login"},"span_id":"226a891b5c9deb5e","timestamp":"2026-05-18T10:16:56.492Z","trace_flags":"01","trace_id":"39f18a8e27cbb885c92b31ae45af2556"}
{"level":"info","message":{"deviceType":"desktop","duration":"1ms","ipAddress":"::1","method":"POST","status":429,"url":"/login"},"span_id":"d602401424ab89da","timestamp":"2026-05-18T10:16:57.143Z","trace_flags":"01","trace_id":"d124d047bdbef69069dcd60a7b4eaf5e"}
{"level":"info","message":{"deviceType":"desktop","duration":"1ms","ipAddress":"::1","method":"POST","status":429,"url":"/login"},"span_id":"339a44d19db089d2","timestamp":"2026-05-18T10:17:01.689Z","trace_flags":"01","trace_id":"2e3b27003f2b23192056a662c0f0d3bf"}
{"level":"info","message":{"deviceType":"desktop","duration":"1ms","ipAddress":"::1","method":"POST","status":429,"url":"/login"},"span_id":"c937c4bf7109701c","timestamp":"2026-05-18T10:17:03.112Z","trace_flags":"01","trace_id":"176ff15e12f0cce951569ea934c81eee"}
